<?xml version="1.0" encoding="UTF-8"?>
<!-- Generated by org.testng.reporters.JUnitReportReporter -->
<testsuite hostname="DESKTOP-TK8QPJB" failures="0" tests="1" name="Test.Test1" time="0.018" errors="0" timestamp="2022-04-26T13:25:59 IST" skipped="0">
  <testcase classname="Test.Test1" name="sample" time="0.018"/>
  <system-out/>
</testsuite> <!-- Test.Test1 -->
