<?xml version="1.0" encoding="UTF-8"?>
<!-- Generated by org.testng.reporters.JUnitReportReporter -->
<testsuite hostname="DESKTOP-TK8QPJB" failures="0" tests="2" name="Test.LoginTest" time="23.112" errors="0" timestamp="2022-04-26T13:18:33 IST" skipped="0">
  <testcase classname="Test.LoginTest" name="LginWithCredentials" time="14.891"/>
  <system-out/>
  <testcase classname="Test.LoginTest" name="LoginWithoutCredentials" time="8.221"/>
  <system-out/>
</testsuite> <!-- Test.LoginTest -->
